<?xml version="1.0" encoding="UTF-8"?>
<testng-results skipped="0" failed="0" ignored="1" total="2" passed="1">
  <reporter-output>
    <line>
      <![CDATA[Launching the browser]]>
    </line>
    <line>
      <![CDATA[Browser is up and running]]>
    </line>
  </reporter-output>
  <suite name="Suite" duration-ms="14686" started-at="2021-08-12T17:40:50Z" finished-at="2021-08-12T17:41:05Z">
    <groups>
    </groups>
    <test name="Test" duration-ms="14686" started-at="2021-08-12T17:40:50Z" finished-at="2021-08-12T17:41:05Z">
      <class name="launchbrowser.Login">
        <test-method status="PASS" signature="setUpsuite()[pri:0, instance:launchbrowser.Login@1c386de]" name="setUpsuite" is-config="true" duration-ms="211" started-at="2021-08-12T17:40:50Z" finished-at="2021-08-12T17:40:50Z">
          <reporter-output>
          </reporter-output>
        </test-method> <!-- setUpsuite -->
        <test-method status="PASS" signature="setup()[pri:0, instance:launchbrowser.Login@1c386de]" name="setup" is-config="true" duration-ms="7643" started-at="2021-08-12T17:40:50Z" finished-at="2021-08-12T17:40:58Z">
          <reporter-output>
            <line>
              <![CDATA[Launching the browser]]>
            </line>
            <line>
              <![CDATA[Browser is up and running]]>
            </line>
          </reporter-output>
        </test-method> <!-- setup -->
        <test-method status="PASS" signature="signin()[pri:1, instance:launchbrowser.Login@1c386de]" name="signin" duration-ms="5314" started-at="2021-08-12T17:40:58Z" finished-at="2021-08-12T17:41:03Z">
          <reporter-output>
          </reporter-output>
        </test-method> <!-- signin -->
        <test-method status="PASS" signature="teardownMethod(org.testng.ITestResult)[pri:0, instance:launchbrowser.Login@1c386de]" name="teardownMethod" is-config="true" duration-ms="421" started-at="2021-08-12T17:41:03Z" finished-at="2021-08-12T17:41:03Z">
          <params>
            <param index="0">
              <value>
                <![CDATA[[TestResult name=signin status=SUCCESS method=Login.signin()[pri:1, instance:launchbrowser.Login@1c386de] output={null}]]]>
              </value>
            </param>
          </params>
          <reporter-output>
          </reporter-output>
        </test-method> <!-- teardownMethod -->
        <test-method status="PASS" signature="teardown()[pri:0, instance:launchbrowser.Login@1c386de]" name="teardown" is-config="true" duration-ms="1280" started-at="2021-08-12T17:41:03Z" finished-at="2021-08-12T17:41:05Z">
          <reporter-output>
          </reporter-output>
        </test-method> <!-- teardown -->
      </class> <!-- launchbrowser.Login -->
    </test> <!-- Test -->
  </suite> <!-- Suite -->
</testng-results>
